<?xml version="1.0" encoding="UTF-8"?>
<!-- Generated by org.testng.reporters.JUnitXMLReporter -->
<testsuite ignored="0" hostname="LAPTOP-2TJBEIAD" failures="0" tests="3" name="eCommerceTest" time="37.195" errors="0" timestamp="2023-07-31T19:15:06 IST">
  <testcase classname="eCommerce_testLayer.Amazon" name="AmazonTest" time="13.187"/>
  <testcase classname="eCommerce_testLayer.Flipkart" name="FlipkartTest" time="12.644"/>
  <testcase classname="eCommerce_testLayer.BigBasket" name="BigBasketTest" time="11.322"/>
</testsuite> <!-- eCommerceTest -->
