<?xml version="1.0" encoding="UTF-8"?>
<testng-results ignored="0" total="2" passed="2" failed="0" skipped="0">
  <reporter-output>
  </reporter-output>
  <suite started-at="2023-07-31T18:40:07 IST" name="eCommerceSuite" finished-at="2023-07-31T18:40:28 IST" duration-ms="21721">
    <groups>
    </groups>
    <test started-at="2023-07-31T18:40:07 IST" name="eCommerceTest" finished-at="2023-07-31T18:40:28 IST" duration-ms="21721">
      <class name="eCommerce_testLayer.Amazon">
        <test-method signature="AmazonTest()[pri:0, instance:eCommerce_testLayer.Amazon@1a482e36]" started-at="2023-07-31T18:40:07 IST" name="AmazonTest" finished-at="2023-07-31T18:40:17 IST" duration-ms="10541" status="PASS">
          <reporter-output>
          </reporter-output>
        </test-method> <!-- AmazonTest -->
      </class> <!-- eCommerce_testLayer.Amazon -->
      <class name="eCommerce_testLayer.Flipkart">
        <test-method signature="FlipkartTest()[pri:0, instance:eCommerce_testLayer.Flipkart@7d8995e]" started-at="2023-07-31T18:40:17 IST" name="FlipkartTest" finished-at="2023-07-31T18:40:28 IST" duration-ms="11135" status="PASS">
          <reporter-output>
          </reporter-output>
        </test-method> <!-- FlipkartTest -->
      </class> <!-- eCommerce_testLayer.Flipkart -->
    </test> <!-- eCommerceTest -->
  </suite> <!-- eCommerceSuite -->
</testng-results>
